
C5.0 [Release 2.11a]  	Sun Mar 31 12:57:56 2024
--------------------

    Options:
	Application `/home/liuyi/MC-CCR/MC-CCR/resampled_data/automobile/4/2/automobile'

Read 144 cases (64 attributes) from /home/liuyi/MC-CCR/MC-CCR/resampled_data/automobile/4/2/automobile.data

Decision tree:

Make_volvo > 0.4998548:
:...Normalized-losses <= 0.1774982: 1.0 (10)
:   Normalized-losses > 0.1774982: 0.0 (24)
Make_volvo <= 0.4998548:
:...Height <= 0.2743376:
    :...Num-of-doors_four > 0.5011547: 3.0 (5/1)
    :   Num-of-doors_four <= 0.5011547:
    :   :...Normalized-losses <= 0.410498:
    :       :...Make_toyota <= 0: 3.0 (2)
    :       :   Make_toyota > 0: 4.0 (4)
    :       Normalized-losses > 0.410498:
    :       :...City-mpg <= 0.4062781: 5.0 (24)
    :           City-mpg > 0.4062781: 4.0 (2)
    Height > 0.2743376:
    :...Stroke > 0.5943707: 1.0 (15/5)
        Stroke <= 0.5943707:
        :...Body-style_wagon > 0.502538: 2.0 (6)
            Body-style_wagon <= 0.502538:
            :...Make_volkswagen > 6.297e-05: 4.0 (12)
                Make_volkswagen <= 6.297e-05:
                :...Make_jaguar <= -0.00062144: 4.0 (4)
                    Make_jaguar > -0.00062144:
                    :...Width <= 0.3603604: 3.0 (16/3)
                        Width > 0.3603604:
                        :...Peak-rpm > 0.4387755: 4.0 (6/1)
                            Peak-rpm <= 0.4387755:
                            :...Num-of-doors_four <= 0: 3.0 (2)
                                Num-of-doors_four > 0: 2.0 (12)


Evaluation on training data (144 cases):

	    Decision Tree   
	  ----------------  
	  Size      Errors  

	    15   10( 6.9%)   <<


	   (a)   (b)   (c)   (d)   (e)   (f)    <-classified as
	  ----  ----  ----  ----  ----  ----
	    24                                  (a): class 0.0
	          20                            (b): class 1.0
	           5    18     1                (c): class 2.0
	                      21     1          (d): class 3.0
	                       3    27          (e): class 4.0
	                                  24    (f): class 5.0


	Attribute usage:

	    100%  Make_volvo
	     77%  Height
	     52%  Stroke
	     46%  Normalized-losses
	     42%  Body-style_wagon
	     38%  Make_volkswagen
	     35%  Num-of-doors_four
	     32%  Make_jaguar
	     29%  Width
	     18%  City-mpg
	     17%  Peak-rpm
	      4%  Make_toyota


Evaluation on test data (79 cases):

	    Decision Tree   
	  ----------------  
	  Size      Errors  

	    15   29(36.7%)   <<


	   (a)   (b)   (c)   (d)   (e)   (f)    <-classified as
	  ----  ----  ----  ----  ----  ----
	     1                                  (a): class 0.0
	           7     2     1                (b): class 1.0
	           7    13     2     2          (c): class 2.0
	           1     2    17     1     2    (d): class 3.0
	           1           4     9          (e): class 4.0
	                       1     3     3    (f): class 5.0


Time: 0.0 secs
