
C5.0 [Release 2.11a]  	Mon Mar 25 10:34:44 2024
--------------------

    Options:
	Application `/home/liuyi/MC-CCR/MC-CCR/resampled_data/cleveland/1/1/cleveland'
	Boosted classifiers

Read 147 cases (13 attributes) from /home/liuyi/MC-CCR/MC-CCR/resampled_data/cleveland/1/1/cleveland.data

-----  Trial 0:  -----

Decision tree:

Ca <= 0.1666667:
:...Exang > 0:
:   :...Thal <= 0.87:
:   :   :...Thalach <= 0.3413461: 2.0 (2)
:   :   :   Thalach > 0.3413461: 0.0 (11/1)
:   :   Thal > 0.87:
:   :   :...Sex <= 0: 2.0 (2)
:   :       Sex > 0:
:   :       :...Thalach <= 0.3701923: 3.0 (5/1)
:   :           Thalach > 0.3701923: 1.0 (3)
:   Exang <= 0:
:   :...Fbs > 0: 0.0 (8)
:       Fbs <= 0:
:       :...Thal <= 0.87:
:           :...Age <= 0.5697674: 0.0 (39/1)
:           :   Age > 0.5697674:
:           :   :...Age <= 0.6511628: 1.0 (5/1)
:           :       Age > 0.6511628: 0.0 (4)
:           Thal > 0.87:
:           :...Age > 0.5581395: 0.0 (4)
:               Age <= 0.5581395:
:               :...Cp > 0.6666667: 1.0 (2)
:                   Cp <= 0.6666667:
:                   :...Oldpeak <= 0.02678571: 0.0 (2)
:                       Oldpeak > 0.02678571: 1.0 (2)
Ca > 0.1666667:
:...Cp <= 0.8333333:
    :...Oldpeak > 0.3392857:
    :   :...Ca <= 0.5: 2.0 (2/1)
    :   :   Ca > 0.5: 3.0 (2)
    :   Oldpeak <= 0.3392857:
    :   :...Fbs > 0: 0.0 (3/1)
    :       Fbs <= 0:
    :       :...Sex <= 0: 0.0 (4)
    :           Sex > 0:
    :           :...Exang <= 0: 1.0 (5/1)
    :               Exang > 0: 0.0 (2)
    Cp > 0.8333333:
    :...Restecg <= 0.7:
        :...Thal <= 0: 1.0 (2/1)
        :   Thal > 0:
        :   :...Slope <= 0.2: 0.0 (2/1)
        :       Slope > 0.2: 3.0 (6/1)
        Restecg > 0.7:
        :...Slope > 0.7: 3.0 (2)
            Slope <= 0.7:
            :...Trestbps > 0.4669811:
                :...Exang <= 0: 4.0 (4/1)
                :   Exang > 0: 2.0 (4/1)
                Trestbps <= 0.4669811:
                :...Fbs > 0: 1.0 (2/1)
                    Fbs <= 0:
                    :...Exang <= 0:
                        :...Ca <= 0.5: 2.0 (3)
                        :   Ca > 0.5: 1.0 (2)
                        Exang > 0:
                        :...Thalach <= 0.3942308: 1.0 (7/2)
                            Thalach > 0.3942308: 2.0 (6/3)

-----  Trial 1:  -----

Decision tree:

Ca <= 0.1666667:
:...Exang <= 0: 0.0 (55.2/8.7)
:   Exang > 0:
:   :...Slope <= 0.2: 0.0 (7.9/1.6)
:       Slope > 0.2:
:       :...Chol <= 0.4240282:
:           :...Thal <= 0.87: 0.0 (3.9)
:           :   Thal > 0.87: 3.0 (3.1/0.8)
:           Chol > 0.4240282:
:           :...Age <= 0.5348837: 2.0 (3.1)
:               Age > 0.5348837: 1.0 (3.2)
Ca > 0.1666667:
:...Restecg <= 0.2:
    :...Exang > 0: 0.0 (5.6/2.4)
    :   Exang <= 0:
    :   :...Cp <= 0.8333333: 0.0 (8.7/3.1)
    :       Cp > 0.8333333: 2.0 (7.2/2.4)
    Restecg > 0.2:
    :...Thalach > 0.6105769: 4.0 (8.8/3.1)
        Thalach <= 0.6105769:
        :...Cp <= 0.8333333: 2.0 (5.6/3.1)
            Cp > 0.8333333:
            :...Trestbps > 0.4669811: 4.0 (9.6/5.6)
                Trestbps <= 0.4669811:
                :...Exang <= 0: 2.0 (2.4)
                    Exang > 0:
                    :...Oldpeak <= 0.00892857: 3.0 (7.3)
                        Oldpeak > 0.00892857:
                        :...Thalach <= 0.389423:
                            :...Thalach <= 0.3798077: 1.0 (3.9/0.8)
                            :   Thalach > 0.3798077: 3.0 (3.2)
                            Thalach > 0.389423:
                            :...Trestbps <= 0.2311321: 2.0 (3.2)
                                Trestbps > 0.2311321: 1.0 (4.8/0.8)

-----  Trial 2:  -----

Decision tree:

Ca <= 0.1666667:
:...Exang <= 0: 0.0 (51.6/12.9)
:   Exang > 0:
:   :...Thalach <= 0.5048077:
:       :...Chol <= 0.5706713: 0.0 (6.6/3.2)
:       :   Chol > 0.5706713: 2.0 (3.3/0.7)
:       Thalach > 0.5048077:
:       :...Thal > 0: 1.0 (2.5)
:           Thal <= 0:
:           :...Thalach <= 0.514423: 1.0 (2)
:               Thalach > 0.514423: 0.0 (5.2)
Ca > 0.1666667:
:...Restecg <= 0.2:
    :...Exang > 0:
    :   :...Oldpeak <= 0.1071429: 0.0 (2.7)
    :   :   Oldpeak > 0.1071429: 3.0 (3.8)
    :   Exang <= 0:
    :   :...Thalach <= 0.6538461:
    :       :...Age <= 0.4883721: 0.0 (3.2/1.3)
    :       :   Age > 0.4883721: 2.0 (7.3/2)
    :       Thalach > 0.6538461:
    :       :...Fbs <= 0: 1.0 (4.4/0.7)
    :           Fbs > 0: 0.0 (2.6/1.3)
    Restecg > 0.2:
    :...Cp <= 0.5: 0.0 (3.8/1.3)
        Cp > 0.5:
        :...Sex <= 0:
            :...Thalach <= 0.5192307: 3.0 (3.2/1.3)
            :   Thalach > 0.5192307: 2.0 (3.2/0.7)
            Sex > 0:
            :...Thalach <= 0.1009615: 3.0 (4.1)
                Thalach > 0.1009615:
                :...Age <= 0.4767441: 3.0 (8/2)
                    Age > 0.4767441:
                    :...Oldpeak > 0.5178571: 3.0 (3.3)
                        Oldpeak <= 0.5178571:
                        :...Chol > 0.5706713: 4.0 (6/1.3)
                            Chol <= 0.5706713:
                            :...Chol > 0.4434629: 2.0 (6.7)
                                Chol <= 0.4434629:
                                :...Exang <= 0: 4.0 (5.8/2.5)
                                    Exang > 0:
                                    :...Trestbps <= 0.2075472: 2.0 (2.7)
                                        Trestbps > 0.2075472: 1.0 (5.2)

-----  Trial 3:  -----

Decision tree:

Ca <= 0.1666667:
:...Exang > 0:
:   :...Thalach <= 0.3701923: 3.0 (9.5/3.3)
:   :   Thalach > 0.3701923:
:   :   :...Thal <= 0: 0.0 (6.5/1.7)
:   :       Thal > 0: 1.0 (5.4/1.9)
:   Exang <= 0:
:   :...Fbs > 0: 0.0 (4.3)
:       Fbs <= 0:
:       :...Thal > 0.87:
:           :...Age <= 0.5581395: 1.0 (9.1/1.1)
:           :   Age > 0.5581395: 0.0 (2.1)
:           Thal <= 0.87:
:           :...Thalach > 0.764423: 0.0 (11.8)
:               Thalach <= 0.764423:
:               :...Age > 0.5697674: 1.0 (9.6/1.6)
:                   Age <= 0.5697674:
:                   :...Trestbps <= 0.1415094: 1.0 (5.3/1.6)
:                       Trestbps > 0.1415094: 0.0 (9.1)
Ca > 0.1666667:
:...Fbs > 0:
    :...Cp <= 0.8333333: 2.0 (4.5/1.1)
    :   Cp > 0.8333333: 3.0 (12.9/4.8)
    Fbs <= 0:
    :...Sex <= 0: 0.0 (7.9/3)
        Sex > 0:
        :...Restecg <= 0:
            :...Thalach > 0.625: 1.0 (4.7/1.7)
            :   Thalach <= 0.625:
            :   :...Age <= 0.5697674: 3.0 (4.6/0.5)
            :       Age > 0.5697674: 0.0 (4.4)
            Restecg > 0:
            :...Cp <= 0.5: 1.0 (3/1)
                Cp > 0.5:
                :...Trestbps > 0.4669811: 4.0 (4.7/2)
                    Trestbps <= 0.4669811:
                    :...Thalach > 0.6730769:
                        :...Thalach <= 0.75: 4.0 (3.3)
                        :   Thalach > 0.75: 1.0 (3/1)
                        Thalach <= 0.6730769:
                        :...Oldpeak > 0.04464285: 1.0 (14.9/4.3)
                            Oldpeak <= 0.04464285:
                            :...Slope <= 0.2: 2.0 (3.1)
                                Slope > 0.2: 3.0 (3.3)

-----  Trial 4:  -----

Decision tree:

Cp <= 0.8333333:
:...Fbs > 0:
:   :...Thalach <= 0.5480769: 2.0 (3.2/0.4)
:   :   Thalach > 0.5480769: 0.0 (5.7)
:   Fbs <= 0:
:   :...Ca > 0.5:
:       :...Oldpeak <= 0.3392857: 0.0 (3.1/0.8)
:       :   Oldpeak > 0.3392857: 3.0 (3.2)
:       Ca <= 0.5:
:       :...Sex <= 0: 0.0 (14.4)
:           Sex > 0:
:           :...Thalach > 0.7548077: 0.0 (5.9)
:               Thalach <= 0.7548077:
:               :...Exang <= 0: 1.0 (19.8/6.2)
:                   Exang > 0: 0.0 (4.7/1.2)
Cp > 0.8333333:
:...Ca <= 0.1666667:
    :...Thalach <= 0.5048077:
    :   :...Chol <= 0.5706713: 0.0 (11.1/5.1)
    :   :   Chol > 0.5706713: 2.0 (5.3)
    :   Thalach > 0.5048077:
    :   :...Thal > 0.87: 1.0 (5.4/0.4)
    :       Thal <= 0.87:
    :       :...Sex <= 0: 1.0 (7.7/2.2)
    :           Sex > 0: 0.0 (4)
    Ca > 0.1666667:
    :...Restecg <= 0.7:
        :...Thal <= 0: 2.0 (3.1/0.8)
        :   Thal > 0:
        :   :...Trestbps <= 0.09433962: 2.0 (2.2)
        :       Trestbps > 0.09433962: 3.0 (8.2/2.9)
        Restecg > 0.7:
        :...Slope > 0.7: 3.0 (2.4)
            Slope <= 0.7:
            :...Sex <= 0: 2.0 (5.2/2)
                Sex > 0:
                :...Trestbps > 0.4669811: 4.0 (9.2/5.1)
                    Trestbps <= 0.4669811:
                    :...Ca <= 0.5:
                        :...Exang <= 0: 2.0 (3.4)
                        :   Exang > 0: 1.0 (9/3.8)
                        Ca > 0.5:
                        :...Trestbps <= 0.3066038: 1.0 (5.5/1.4)
                            Trestbps > 0.3066038: 3.0 (5.4/0.4)

-----  Trial 5:  -----

Decision tree:

Ca <= 0.1666667:
:...Exang <= 0: 0.0 (46.3/13.3)
:   Exang > 0:
:   :...Chol <= 0.5600706:
:       :...Thal <= 0.87: 0.0 (6.6/1.8)
:       :   Thal > 0.87: 3.0 (9.9/2.5)
:       Chol > 0.5600706:
:       :...Slope <= 0.2: 0.0 (2.7/0.7)
:           Slope > 0.2: 2.0 (6.1/1.7)
Ca > 0.1666667:
:...Restecg <= 0.2:
    :...Slope <= 0.2:
    :   :...Age <= 0.5465116: 0.0 (7.2/1.4)
    :   :   Age > 0.5465116: 2.0 (3.2/1.4)
    :   Slope > 0.2:
    :   :...Thal <= 0.87: 2.0 (2.9/0.4)
    :       Thal > 0.87:
    :       :...Fbs > 0: 3.0 (2)
    :           Fbs <= 0:
    :           :...Age <= 0.5697674: 3.0 (3.4/0.7)
    :               Age > 0.5697674: 0.0 (3.8)
    Restecg > 0.2:
    :...Chol <= 0.2844523: 3.0 (5.7/0.4)
        Chol > 0.2844523:
        :...Oldpeak > 0.5178571:
            :...Age <= 0.6162791: 3.0 (3.8)
            :   Age > 0.6162791: 4.0 (2.5)
            Oldpeak <= 0.5178571:
            :...Cp <= 0.5: 0.0 (3.4/1.4)
                Cp > 0.5:
                :...Trestbps > 0.4669811:
                    :...Exang <= 0: 4.0 (3.1)
                    :   Exang > 0: 2.0 (6.7/1.1)
                    Trestbps <= 0.4669811:
                    :...Thalach > 0.6730769: 4.0 (5.2/1.4)
                        Thalach <= 0.6730769:
                        :...Thalach <= 0.3125: 1.0 (3.2/1.3)
                            Thalach > 0.3125:
                            :...Trestbps <= 0.2311321: 2.0 (5.9/1.4)
                                Trestbps > 0.2311321:
                                :...Chol <= 0.4434629: 1.0 (5.1)
                                    Chol > 0.4434629: 2.0 (8.3/3.6)

-----  Trial 6:  -----

Decision tree:

Ca <= 0.1666667:
:...Exang > 0:
:   :...Thalach <= 0.3701923:
:   :   :...Thal <= 0.87: 2.0 (2.3/0.8)
:   :   :   Thal > 0.87:
:   :   :   :...Oldpeak <= 0.07142857: 0.0 (2.6)
:   :   :       Oldpeak > 0.07142857: 3.0 (6)
:   :   Thalach > 0.3701923:
:   :   :...Thal <= 0: 0.0 (7.4/2.6)
:   :       Thal > 0:
:   :       :...Sex <= 0: 2.0 (2.1)
:   :           Sex > 0: 1.0 (5.3)
:   Exang <= 0:
:   :...Thal > 0.87:
:       :...Age <= 0.5581395: 1.0 (11.3/3)
:       :   Age > 0.5581395: 0.0 (2.2)
:       Thal <= 0.87:
:       :...Age > 0.5697674:
:           :...Age <= 0.6511628: 1.0 (9.2/0.9)
:           :   Age > 0.6511628: 0.0 (3.2)
:           Age <= 0.5697674:
:           :...Sex <= 0: 0.0 (8.4)
:               Sex > 0:
:               :...Trestbps <= 0.1415094: 1.0 (3.2)
:                   Trestbps > 0.1415094: 0.0 (9.5)
Ca > 0.1666667:
:...Thalach > 0.6442307:
    :...Fbs <= 0: 1.0 (16.9/5)
    :   Fbs > 0: 3.0 (3.2/1.5)
    Thalach <= 0.6442307:
    :...Trestbps > 0.4669811:
        :...Thalach <= 0.08653846: 3.0 (2.1)
        :   Thalach > 0.08653846:
        :   :...Exang <= 0: 4.0 (4.6)
        :       Exang > 0:
        :       :...Age <= 0.5348837: 4.0 (2.4/0.6)
        :           Age > 0.5348837: 2.0 (4.6)
        Trestbps <= 0.4669811:
        :...Cp <= 0.8333333: 0.0 (11.3/4.1)
            Cp > 0.8333333:
            :...Exang <= 0: 2.0 (7.1/1.8)
                Exang > 0:
                :...Restecg <= 0.7: 3.0 (3.5/1.6)
                    Restecg > 0.7:
                    :...Oldpeak <= 0.00892857: 3.0 (5.3)
                        Oldpeak > 0.00892857:
                        :...Slope > 0.7: 3.0 (2)
                            Slope <= 0.7:
                            :...Thalach <= 0.3990385: 1.0 (5.6/1.5)
                                Thalach > 0.3990385: 2.0 (5.7/1.7)

-----  Trial 7:  -----

Decision tree:

Cp <= 0.5:
:...Sex <= 0: 0.0 (4.7)
:   Sex > 0:
:   :...Ca > 0.1666667: 1.0 (4.2/0.9)
:       Ca <= 0.1666667:
:       :...Thalach <= 0.5: 1.0 (3.3)
:           Thalach > 0.5: 0.0 (14.4/1.7)
Cp > 0.5:
:...Oldpeak > 0.3482142:
    :...Trestbps <= 0.2075472: 4.0 (2.8/0.2)
    :   Trestbps > 0.2075472:
    :   :...Trestbps <= 0.4575471:
    :       :...Fbs <= 0: 3.0 (16.7/5.1)
    :       :   Fbs > 0: 2.0 (3.3/1.1)
    :       Trestbps > 0.4575471:
    :       :...Exang <= 0: 4.0 (3.1)
    :           Exang > 0: 2.0 (4.4/1.5)
    Oldpeak <= 0.3482142:
    :...Age > 0.7325581:
        :...Thalach <= 0.5480769: 2.0 (2.7)
        :   Thalach > 0.5480769: 4.0 (3.9/1.4)
        Age <= 0.7325581:
        :...Trestbps > 0.4433962:
            :...Cp <= 0.8333333: 0.0 (3.2)
            :   Cp > 0.8333333:
            :   :...Oldpeak <= 0.07142857:
            :       :...Trestbps <= 0.5: 0.0 (3.5/1.5)
            :       :   Trestbps > 0.5: 1.0 (7.5/0.7)
            :       Oldpeak > 0.07142857:
            :       :...Chol <= 0.5424028: 3.0 (4.5/0.2)
            :           Chol > 0.5424028: 4.0 (2.1)
            Trestbps <= 0.4433962:
            :...Exang <= 0:
                :...Fbs > 0: 0.0 (7.6/1.2)
                :   Fbs <= 0:
                :   :...Sex <= 0: 0.0 (9.3/1.7)
                :       Sex > 0:
                :       :...Ca > 0.1666667: 1.0 (12/3.7)
                :           Ca <= 0.1666667:
                :           :...Trestbps <= 0.1603774: 1.0 (4.9/0.7)
                :               Trestbps > 0.1603774: 0.0 (4.6)
                Exang > 0:
                :...Oldpeak <= 0.07142857: 0.0 (7/2.8)
                    Oldpeak > 0.07142857:
                    :...Slope <= 0.2: 1.0 (3.7/0.7)
                        Slope > 0.2:
                        :...Trestbps > 0.3160377: 2.0 (6.4/0.5)
                            Trestbps <= 0.3160377:
                            :...Chol <= 0.4169611: 0.0 (2.8/1.1)
                                Chol > 0.4169611: 1.0 (4.3)

-----  Trial 8:  -----

Decision tree:

Ca <= 0.1666667:
:...Exang <= 0: 0.0 (41.9/16.3)
:   Exang > 0:
:   :...Thalach <= 0.3701923:
:       :...Thal <= 0.87: 2.0 (3.2/1.4)
:       :   Thal > 0.87: 3.0 (5.6/1.7)
:       Thalach > 0.3701923:
:       :...Thal > 0: 1.0 (5.8/1.4)
:           Thal <= 0:
:           :...Thalach <= 0.514423: 1.0 (3.4/0.5)
:               Thalach > 0.514423: 0.0 (5.4)
Ca > 0.1666667:
:...Oldpeak > 0.5178571: 3.0 (7.3/1.4)
    Oldpeak <= 0.5178571:
    :...Sex <= 0:
        :...Cp <= 0.8333333: 0.0 (3.8)
        :   Cp > 0.8333333: 2.0 (4.3/0.9)
        Sex > 0:
        :...Restecg <= 0:
            :...Thal <= 0.37: 1.0 (4.1/1.4)
            :   Thal > 0.37:
            :   :...Slope <= 0.2: 0.0 (6.1/2.1)
            :       Slope > 0.2:
            :       :...Fbs > 0: 3.0 (3/1.2)
            :           Fbs <= 0:
            :           :...Age <= 0.5697674: 3.0 (4.3/0.9)
            :               Age > 0.5697674: 0.0 (4.1)
            Restecg > 0:
            :...Cp <= 0.5: 0.0 (3.1/1.3)
                Cp > 0.5:
                :...Thalach > 0.6730769: 4.0 (5.4/1.3)
                    Thalach <= 0.6730769:
                    :...Oldpeak <= 0.00892857: 3.0 (8.3/1.5)
                        Oldpeak > 0.00892857:
                        :...Thalach <= 0.1009615: 3.0 (2.6)
                            Thalach > 0.1009615:
                            :...Trestbps > 0.4575471: 4.0 (5.1/2.3)
                                Trestbps <= 0.4575471:
                                :...Ca > 0.5: 1.0 (4.2)
                                    Ca <= 0.5:
                                    :...Age > 0.6511628: 2.0 (3.9)
                                        Age <= 0.6511628:
                                        :...Oldpeak > 0.2767857: 1.0 (4.7)
                                            Oldpeak <= 0.2767857:
                                            :...Thalach <= 0.5096154: 2.0 (4.3/0.5)
                                                Thalach > 0.5096154: 1.0 (3)

-----  Trial 9:  -----

Decision tree:

Ca <= 0.1666667:
:...Exang <= 0:
:   :...Fbs <= 0: 1.0 (40.6/18)
:   :   Fbs > 0: 0.0 (3.3)
:   Exang > 0:
:   :...Chol <= 0.6219081:
:       :...Thalach <= 0.4807692: 0.0 (8/3.2)
:       :   Thalach > 0.4807692: 1.0 (6.7/2)
:       Chol > 0.6219081:
:       :...Slope <= 0.2: 0.0 (2.5)
:           Slope > 0.2: 2.0 (6.5/1.3)
Ca > 0.1666667:
:...Restecg <= 0.2:
    :...Exang > 0: 3.0 (4.6/2.1)
    :   Exang <= 0:
    :   :...Thalach <= 0.6538461:
    :       :...Age <= 0.4883721: 0.0 (3.8/1.4)
    :       :   Age > 0.4883721: 2.0 (8.1/1.7)
    :       Thalach > 0.6538461:
    :       :...Thalach <= 0.725961: 1.0 (5.3/1.4)
    :           Thalach > 0.725961: 0.0 (4.4)
    Restecg > 0.2:
    :...Slope > 0.7: 3.0 (3.1)
        Slope <= 0.7:
        :...Cp <= 0.5: 0.0 (2.8/1.1)
            Cp > 0.5:
            :...Oldpeak > 0.5178571: 3.0 (5.1/2)
                Oldpeak <= 0.5178571:
                :...Age <= 0.4767441:
                    :...Oldpeak > 0.08928571: 1.0 (3.5/1.1)
                    :   Oldpeak <= 0.08928571:
                    :   :...Exang <= 0: 2.0 (2.2)
                    :       Exang > 0: 3.0 (5.6)
                    Age > 0.4767441:
                    :...Chol <= 0.295053: 1.0 (5/2.3)
                        Chol > 0.295053:
                        :...Trestbps <= 0.3301887: 1.0 (13.9/5.9)
                            Trestbps > 0.3301887: 2.0 (12/3.2)


Evaluation on training data (147 cases):

Trial	    Decision Tree   
-----	  ----------------  
	  Size      Errors  

   0	    30   19(12.9%)
   1	    18   40(27.2%)
   2	    23   28(19.0%)
   3	    23   37(25.2%)
   4	    23   35(23.8%)
   5	    22   27(18.4%)
   6	    26   25(17.0%)
   7	    26   28(19.0%)
   8	    24   27(18.4%)
   9	    20   79(53.7%)
boost	          3( 2.0%)   <<


	   (a)   (b)   (c)   (d)   (e)    <-classified as
	  ----  ----  ----  ----  ----
	    79                            (a): class 0.0
	     3    24                      (b): class 1.0
	                17                (c): class 2.0
	                      18          (d): class 3.0
	                             6    (e): class 4.0


	Attribute usage:

	    100%  Cp
	    100%  Ca
	     99%  Thalach
	     99%  Exang
	     97%  Sex
	     95%  Age
	     90%  Fbs
	     88%  Trestbps
	     82%  Oldpeak
	     73%  Thal
	     55%  Slope
	     46%  Chol
	     39%  Restecg


Evaluation on test data (149 cases):

Trial	    Decision Tree   
-----	  ----------------  
	  Size      Errors  

   0	    30   69(46.3%)
   1	    18   73(49.0%)
   2	    23   77(51.7%)
   3	    23   77(51.7%)
   4	    23   77(51.7%)
   5	    22   72(48.3%)
   6	    26   79(53.0%)
   7	    26   71(47.7%)
   8	    24   65(43.6%)
   9	    20  116(77.9%)
boost	         62(41.6%)   <<


	   (a)   (b)   (c)   (d)   (e)    <-classified as
	  ----  ----  ----  ----  ----
	    69     7     4                (a): class 0.0
	    14     8     3     2          (b): class 1.0
	     4     3     2     8     1    (c): class 2.0
	     5     4           7     1    (d): class 3.0
	     1     2           3     1    (e): class 4.0


Time: 0.1 secs
