
C5.0 [Release 2.11a]  	Thu Mar 28 16:18:34 2024
--------------------

    Options:
	Application `/home/liuyi/MC-CCR/MC-CCR/resampled_data/automobile/2/2/automobile'
	Boosted classifiers

Read 144 cases (64 attributes) from /home/liuyi/MC-CCR/MC-CCR/resampled_data/automobile/2/2/automobile.data

-----  Trial 0:  -----

Decision tree:

Make_volvo > 0.5002511:
:...Normalized-losses <= 0.2027102: 1.0 (8)
:   Normalized-losses > 0.2027102: 0.0 (24)
Make_volvo <= 0.5002511:
:...Num-of-doors_four <= 0.9968832:
    :...City-mpg <= 0.2044857: 5.0 (26/2)
    :   City-mpg > 0.2044857:
    :   :...Stroke > 0.9310344: 2.0 (2)
    :       Stroke <= 0.9310344:
    :       :...Make_nissan > 0.5033547: 3.0 (3)
    :           Make_nissan <= 0.5033547:
    :           :...Bore > 0.5048186: 4.0 (8)
    :               Bore <= 0.5048186:
    :               :...Normalized-losses <= 0.3313252: 3.0 (6)
    :                   Normalized-losses > 0.3313252: 4.0 (13/1)
    Num-of-doors_four > 0.9968832:
    :...Make_volkswagen > 0.00274995: 4.0 (6)
        Make_volkswagen <= 0.00274995:
        :...Num-of-doors_four <= 0.9997191: 1.0 (6)
            Num-of-doors_four > 0.9997191:
            :...Make_audi > 0: 4.0 (3/1)
                Make_audi <= 0:
                :...Height <= 0.2307692: 3.0 (8/1)
                    Height > 0.2307692:
                    :...Wheel-base <= 0.3632479: 3.0 (4/1)
                        Wheel-base > 0.3632479:
                        :...Stroke <= 0.8586206: 2.0 (22/2)
                            Stroke > 0.8586206: 1.0 (5/1)

-----  Trial 1:  -----

Decision tree:

Make_volvo > 0.5002511:
:...Normalized-losses <= 0.2027102: 1.0 (6.1)
:   Normalized-losses > 0.2027102: 0.0 (18.4)
Make_volvo <= 0.5002511:
:...Num-of-doors_four <= 0.9968832:
    :...Aspiration_std <= 0.500012: 5.0 (9.2)
    :   Aspiration_std > 0.500012:
    :   :...Highway-mpg <= 0.1900114:
    :       :...Make_nissan <= 0.5024298: 5.0 (9.2)
    :       :   Make_nissan > 0.5024298: 3.0 (4.5)
    :       Highway-mpg > 0.1900114:
    :       :...Peak-rpm > 0.877551: 3.0 (4.5)
    :           Peak-rpm <= 0.877551:
    :           :...Make_nissan > 0.5033547: 3.0 (2.3)
    :               Make_nissan <= 0.5033547:
    :               :...Bore > 0.37217: 4.0 (10.6)
    :                   Bore <= 0.37217:
    :                   :...Normalized-losses <= 0.3313252: 3.0 (6.1/1.5)
    :                       Normalized-losses > 0.3313252: 4.0 (9.2)
    Num-of-doors_four > 0.9968832:
    :...Make_saab > 0.00366381: 4.0 (6)
        Make_saab <= 0.00366381:
        :...Make_volkswagen > 0.00274995: 4.0 (3.1)
            Make_volkswagen <= 0.00274995:
            :...Make_audi > 0.5013341: 3.0 (6/1.5)
                Make_audi <= 0.5013341:
                :...Engine-type_dohc > 0.00022518: 1.0 (8.3)
                    Engine-type_dohc <= 0.00022518:
                    :...Fuel-system_spdi > 0: 1.0 (6/0.8)
                        Fuel-system_spdi <= 0:
                        :...Height <= 0.2307692: 3.0 (4.6)
                            Height > 0.2307692: 2.0 (29.7/5.4)

-----  Trial 2:  -----

Decision tree:

Make_volvo > 0.5002511:
:...Normalized-losses <= 0.2027102: 1.0 (4.7)
:   Normalized-losses > 0.2027102: 0.0 (14.1)
Make_volvo <= 0.5002511:
:...Height > 0.875: 1.0 (12.5/0.6)
    Height <= 0.875:
    :...Stroke > 0.9103448:
        :...Fuel-system_mpfi <= 0.4997741: 2.0 (10.2)
        :   Fuel-system_mpfi > 0.4997741: 1.0 (4)
        Stroke <= 0.9103448:
        :...Horsepower > 0.4441361:
            :...Body-style_hatchback <= 0.497375: 1.0 (15.6/7.5)
            :   Body-style_hatchback > 0.497375:
            :   :...Normalized-losses <= 0.900286: 5.0 (11.8)
            :       Normalized-losses > 0.900286: 3.0 (3.5)
            Horsepower <= 0.4441361:
            :...Make_nissan > 0.5033547: 3.0 (8.5)
                Make_nissan <= 0.5033547:
                :...Make_saab > 0.00027026: 4.0 (11.6/2.4)
                    Make_saab <= 0.00027026:
                    :...Engine-type_dohc > 0.5017233: 3.0 (3.5)
                        Engine-type_dohc <= 0.5017233:
                        :...Make_dodge > 0.5024427: 3.0 (2.4)
                            Make_dodge <= 0.5024427:
                            :...Width > 0.8648648: 3.0 (3.5)
                                Width <= 0.8648648:
                                :...Make_audi > 6.854e-05: 4.0 (10.3)
                                    Make_audi <= 6.854e-05: [S1]

SubTree [S1]

Num-of-doors_four <= 0.5024398: 4.0 (8.8/2.4)
Num-of-doors_four > 0.5024398:
:...Wheel-base <= 0.3205128: 3.0 (4.6)
    Wheel-base > 0.3205128: 2.0 (14.6/2.4)

-----  Trial 3:  -----

Decision tree:

Make_volvo > 0.5002511:
:...Normalized-losses <= 0.2027102: 1.0 (3.7)
:   Normalized-losses > 0.2027102: 0.0 (11)
Make_volvo <= 0.5002511:
:...Make_saab > 5.044e-05:
    :...Body-style_hatchback <= 0.4996358: 4.0 (7.7/0.9)
    :   Body-style_hatchback > 0.4996358: 5.0 (12.4/0.5)
    Make_saab <= 5.044e-05:
    :...Make_peugeot > 0.5031949: 2.0 (5.5)
        Make_peugeot <= 0.5031949:
        :...Wheel-base > 0.6324786:
            :...Make_audi <= 0.5017936: 1.0 (17.9/3.3)
            :   Make_audi > 0.5017936: 3.0 (2.7)
            Wheel-base <= 0.6324786:
            :...Price > 0.6022281: 5.0 (2.3)
                Price <= 0.6022281:
                :...Make_audi > 6.854e-05: 4.0 (10)
                    Make_audi <= 6.854e-05:
                    :...Make_volkswagen > 0.00182829: 4.0 (5.3)
                        Make_volkswagen <= 0.00182829:
                        :...Body-style_hardtop > 0.00150531: 4.0 (5.3/0.9)
                            Body-style_hardtop <= 0.00150531:
                            :...Make_honda > 0: 2.0 (7.6/1.4)
                                Make_honda <= 0:
                                :...Height <= 0.5096153: 3.0 (44.7/10.9)
                                    Height > 0.5096153: 2.0 (8.1)

-----  Trial 4:  -----

Decision tree:

Make_volvo > 0.5002511: 0.0 (11.5/2.9)
Make_volvo <= 0.5002511:
:...Num-of-doors_four <= 0.9968832:
    :...Stroke > 0.9310344: 2.0 (4.1)
    :   Stroke <= 0.9310344:
    :   :...City-mpg <= 0.2044857:
    :       :...Num-of-doors_four <= 0.5001106: 5.0 (22.8/2.1)
    :       :   Num-of-doors_four > 0.5001106: 4.0 (2.1)
    :       City-mpg > 0.2044857:
    :       :...Engine-type_dohc > 0.5017233: 3.0 (2.1)
    :           Engine-type_dohc <= 0.5017233:
    :           :...Bore > 0.4611292: 4.0 (10.1)
    :               Bore <= 0.4611292:
    :               :...Normalized-losses <= 0.3313252: 3.0 (6.8)
    :                   Normalized-losses > 0.3313252: 4.0 (11.6/1.1)
    Num-of-doors_four > 0.9968832:
    :...Make_volkswagen > 0.00274995: 4.0 (4.5)
        Make_volkswagen <= 0.00274995:
        :...Make_saab > 0.5016174: 4.0 (2.1)
            Make_saab <= 0.5016174:
            :...Normalized-losses > 0.5873494: 4.0 (4.1)
                Normalized-losses <= 0.5873494:
                :...Num-of-doors_four <= 0.9997191: 1.0 (3.4)
                    Num-of-doors_four > 0.9997191:
                    :...Stroke <= 0.7517241:
                        :...Wheel-base <= 0.3205128: 3.0 (3.5)
                        :   Wheel-base > 0.3205128: 2.0 (20.9)
                        Stroke > 0.7517241:
                        :...Fuel-type_diesel > 0: 2.0 (7.4/2.1)
                            Fuel-type_diesel <= 0:
                            :...Make_toyota <= 0: 3.0 (22.8/9.8)
                                Make_toyota > 0: 1.0 (4.2)

-----  Trial 5:  -----

Decision tree:

Make_volvo > 0.5002511:
:...Normalized-losses <= 0.2027102: 1.0 (13.2)
:   Normalized-losses > 0.2027102: 0.0 (6.8)
Make_volvo <= 0.5002511:
:...Height > 0.875: 1.0 (12.1/1.2)
    Height <= 0.875:
    :...Num-of-doors_four <= 0.9974153:
        :...Stroke > 0.9310344: 2.0 (3.2)
        :   Stroke <= 0.9310344:
        :   :...City-mpg <= 0.2044857: 5.0 (21.3/5.1)
        :       City-mpg > 0.2044857:
        :       :...Make_nissan > 0.5033547: 3.0 (4.9)
        :           Make_nissan <= 0.5033547:
        :           :...Bore > 0.5048186: 4.0 (7.9)
        :               Bore <= 0.5048186:
        :               :...Make_toyota <= 0.5020002: 4.0 (11.2/3)
        :                   Make_toyota > 0.5020002: 3.0 (4)
        Num-of-doors_four > 0.9974153:
        :...Make_mitsubishi > 0.5015044: 1.0 (11.7/5.3)
            Make_mitsubishi <= 0.5015044:
            :...Engine-type_dohc > 0.00079051: 1.0 (2.5/0.3)
                Engine-type_dohc <= 0.00079051:
                :...Make_saab > 0.00204641: 4.0 (2.2)
                    Make_saab <= 0.00204641:
                    :...Make_volkswagen > 0.499733: 4.0 (2.7)
                        Make_volkswagen <= 0.499733:
                        :...Normalized-losses > 0.5873494: 4.0 (3.2)
                            Normalized-losses <= 0.5873494:
                            :...Make_toyota > 0: 2.0 (6.7/1.6)
                                Make_toyota <= 0:
                                :...Horsepower <= 0.1414474: 3.0 (6)
                                    Horsepower > 0.1414474: 2.0 (24.2/1.7)

-----  Trial 6:  -----

Decision tree:

Make_volvo > 0.5002511:
:...Normalized-losses <= 0.2027102: 1.0 (10.3)
:   Normalized-losses > 0.2027102: 0.0 (5.3)
Make_volvo <= 0.5002511:
:...Num-of-doors_four <= 0.5018426:
    :...Aspiration_turbo > 0.00102205: 5.0 (10.8/1.8)
    :   Aspiration_turbo <= 0.00102205:
    :   :...Make_honda > 0.00023274: 2.0 (5.4/2.9)
    :       Make_honda <= 0.00023274:
    :       :...Bore <= 0.5970873: 3.0 (30.5/4.4)
    :           Bore > 0.5970873: 4.0 (7.4/2.1)
    Num-of-doors_four > 0.5018426:
    :...Stroke > 0.8579666:
        :...Make_mitsubishi <= 0.9984568: 1.0 (15.2/1.3)
        :   Make_mitsubishi > 0.9984568:
        :   :...Normalized-losses <= 0.3975904: 3.0 (12.9)
        :       Normalized-losses > 0.3975904: 1.0 (4)
        Stroke <= 0.8579666:
        :...Make_volkswagen > 0.00191238: 4.0 (4)
            Make_volkswagen <= 0.00191238:
            :...Normalized-losses > 0.5873494: 4.0 (2.5)
                Normalized-losses <= 0.5873494:
                :...Make_audi <= 0: 2.0 (31.3/7.3)
                    Make_audi > 0: 3.0 (4.4/0.2)

-----  Trial 7:  -----

Decision tree:

Make_volvo > 0.5002511:
:...Normalized-losses <= 0.2027102: 1.0 (8.1)
:   Normalized-losses > 0.2027102: 0.0 (4.2)
Make_volvo <= 0.5002511:
:...Num-of-doors_four <= 0.9968832:
    :...City-mpg <= 0.2044857:
    :   :...Normalized-losses <= 0.900286: 5.0 (16.9/1)
    :   :   Normalized-losses > 0.900286: 3.0 (4.7)
    :   City-mpg > 0.2044857:
    :   :...Make_dodge > 0.5024427: 3.0 (4.4)
    :       Make_dodge <= 0.5024427:
    :       :...Make_nissan > 0.5033547: 3.0 (3)
    :           Make_nissan <= 0.5033547:
    :           :...Make_plymouth <= 0.5021393: 4.0 (30.5/7.4)
    :               Make_plymouth > 0.5021393: 3.0 (2.9)
    Num-of-doors_four > 0.9968832:
    :...Make_saab > 0.00366381: 4.0 (2.5)
        Make_saab <= 0.00366381:
        :...Make_audi > 0.5013341: 3.0 (5.5/2.2)
            Make_audi <= 0.5013341:
            :...Make_volkswagen > 2.197e-05: 4.0 (2.8/1.1)
                Make_volkswagen <= 2.197e-05:
                :...Wheel-base <= 0.4188034:
                    :...Normalized-losses <= 0.1927711: 2.0 (7.9)
                    :   Normalized-losses > 0.1927711: 3.0 (24.2/3.2)
                    Wheel-base > 0.4188034:
                    :...Wheel-base <= 0.6324786: 2.0 (8.4)
                        Wheel-base > 0.6324786:
                        :...Normalized-losses <= 0.2951807: 1.0 (13.1)
                            Normalized-losses > 0.2951807: 2.0 (4.8)

-----  Trial 8:  -----

Decision tree:

Wheel-base > 0.6324786:
:...Num-of-doors_two > 0.5025067: 5.0 (3.5)
:   Num-of-doors_two <= 0.5025067:
:   :...Make_audi > 0.5019399: 3.0 (2.6)
:       Make_audi <= 0.5019399:
:       :...Normalized-losses <= 0.2951807: 1.0 (20/3.2)
:           Normalized-losses > 0.2951807: 2.0 (3.7)
Wheel-base <= 0.6324786:
:...Fuel-system_spdi > 0.00346796:
    :...Num-of-doors_four <= 0.5011898: 5.0 (2.6)
    :   Num-of-doors_four > 0.5011898:
    :   :...Aspiration_std <= 0: 3.0 (3.3)
    :       Aspiration_std > 0: 1.0 (9.2)
    Fuel-system_spdi <= 0.00346796:
    :...Make_audi > 1.501e-05: 4.0 (19/2.7)
        Make_audi <= 1.501e-05:
        :...Bore > 0.5051105: 4.0 (9.6/4.9)
            Bore <= 0.5051105:
            :...Length <= 0.1773256: 4.0 (6.1)
                Length > 0.1773256:
                :...Make_honda > 0: 2.0 (8.9)
                    Make_honda <= 0:
                    :...Fuel-type_diesel > 0: 4.0 (2.6/1.2)
                        Fuel-type_diesel <= 0:
                        :...Height <= 0.5192307: 3.0 (46.5/5.7)
                            Height > 0.5192307: 2.0 (6.4/0.6)

-----  Trial 9:  -----

Decision tree:

Make_volvo > 0.5002511:
:...Normalized-losses <= 0.2027102: 1.0 (5)
:   Normalized-losses > 0.2027102: 0.0 (15.7)
Make_volvo <= 0.5002511:
:...Normalized-losses > 0.5057396:
    :...Bore > 0.3321229:
    :   :...Normalized-losses <= 0.900286: 5.0 (18.8/2)
    :   :   Normalized-losses > 0.900286: 3.0 (2.9)
    :   Bore <= 0.3321229:
    :   :...Engine-type_dohc > 0.5010574: 3.0 (2.9)
    :       Engine-type_dohc <= 0.5010574:
    :       :...Normalized-losses <= 0.5666999: 3.0 (4.9/1.5)
    :           Normalized-losses > 0.5666999: 4.0 (13.4)
    Normalized-losses <= 0.5057396:
    :...Body-style_hardtop > 9.901e-05: 4.0 (6/0.2)
        Body-style_hardtop <= 9.901e-05:
        :...Price > 0.1395158:
            :...Horsepower <= 0.2562817: 2.0 (6.5)
            :   Horsepower > 0.2562817:
            :   :...Stroke <= 0.7724137: 2.0 (4.9/1.3)
            :       Stroke > 0.7724137: 1.0 (17.9/2.6)
            Price <= 0.1395158:
            :...Wheel-base <= 0.1777393: 4.0 (4.1)
                Wheel-base > 0.1777393:
                :...Make_volkswagen > 0.00047877: 4.0 (2.7)
                    Make_volkswagen <= 0.00047877:
                    :...Fuel-system_2bbl <= 0: 2.0 (6.4)
                        Fuel-system_2bbl > 0:
                        :...Num-of-doors_four <= 0: 3.0 (17.1/0.9)
                            Num-of-doors_four > 0:
                            :...Normalized-losses <= 0.1927711: 2.0 (6)
                                Normalized-losses > 0.1927711: 3.0 (8.9)


Evaluation on training data (144 cases):

Trial	    Decision Tree   
-----	  ----------------  
	  Size      Errors  

   0	    15    9( 6.2%)
   1	    17   12( 8.3%)
   2	    17   21(14.6%)
   3	    14   24(16.7%)
   4	    17   21(14.6%)
   5	    17   11( 7.6%)
   6	    13   30(20.8%)
   7	    16   11( 7.6%)
   8	    14   51(35.4%)
   9	    17   14( 9.7%)
boost	          0( 0.0%)   <<


	   (a)   (b)   (c)   (d)   (e)   (f)    <-classified as
	  ----  ----  ----  ----  ----  ----
	    24                                  (a): class 0.0
	          20                            (b): class 1.0
	                24                      (c): class 2.0
	                      22                (d): class 3.0
	                            30          (e): class 4.0
	                                  24    (f): class 5.0


	Attribute usage:

	    100%  Normalized-losses
	    100%  Wheel-base
	    100%  Make_audi
	    100%  Make_volvo
	     84%  Stroke
	     84%  Make_saab
	     84%  Num-of-doors_four
	     78%  Height
	     78%  Horsepower
	     74%  Make_peugeot
	     74%  Make_volkswagen
	     74%  Fuel-system_spdi
	     70%  Bore
	     68%  Price
	     66%  Engine-type_dohc
	     65%  Make_honda
	     63%  Make_nissan
	     63%  Body-style_hardtop
	     51%  Make_dodge
	     48%  Fuel-type_diesel
	     47%  Length
	     45%  City-mpg
	     44%  Make_toyota
	     44%  Make_mitsubishi
	     44%  Aspiration_turbo
	     43%  Aspiration_std
	     40%  Width
	     38%  Num-of-doors_two
	     34%  Highway-mpg
	     33%  Body-style_hatchback
	     25%  Fuel-system_2bbl
	     24%  Peak-rpm
	     21%  Make_plymouth
	      8%  Fuel-system_mpfi


Evaluation on test data (79 cases):

Trial	    Decision Tree   
-----	  ----------------  
	  Size      Errors  

   0	    15   25(31.6%)
   1	    17   23(29.1%)
   2	    17   40(50.6%)
   3	    14   28(35.4%)
   4	    17   28(35.4%)
   5	    17   32(40.5%)
   6	    13   38(48.1%)
   7	    16   19(24.1%)
   8	    14   33(41.8%)
   9	    17   40(50.6%)
boost	         17(21.5%)   <<


	   (a)   (b)   (c)   (d)   (e)   (f)    <-classified as
	  ----  ----  ----  ----  ----  ----
	     1                                  (a): class 0.0
	           9     1                      (b): class 1.0
	           1    21                 2    (c): class 2.0
	                 2    14     7          (d): class 3.0
	                       1    12     1    (e): class 4.0
	                             2     5    (f): class 5.0


Time: 0.0 secs
