
C5.0 [Release 2.11a]  	Sun Mar 31 12:57:56 2024
--------------------

    Options:
	Application `/home/liuyi/MC-CCR/MC-CCR/resampled_data/automobile/5/2/automobile'

Read 144 cases (64 attributes) from /home/liuyi/MC-CCR/MC-CCR/resampled_data/automobile/5/2/automobile.data

Decision tree:

Make_volvo > 0.4992336:
:...Normalized-losses <= 0.2041606: 1.0 (12)
:   Normalized-losses > 0.2041606: 0.0 (24)
Make_volvo <= 0.4992336:
:...Body-style_hatchback > 0.4999627:
    :...Normalized-losses <= 0.4487788:
    :   :...Bore <= 0.5761763: 3.0 (9/2)
    :   :   Bore > 0.5761763: 4.0 (10)
    :   Normalized-losses > 0.4487788:
    :   :...Width <= 0.1596852: 3.0 (4)
    :       Width > 0.1596852: 5.0 (25/1)
    Body-style_hatchback <= 0.4999627:
    :...Wheel-base <= 0.08682448: 3.0 (7)
        Wheel-base > 0.08682448:
        :...Make_volkswagen > 0.00089477: 4.0 (12)
            Make_volkswagen <= 0.00089477:
            :...Body-style_hatchback > 0.00024642: 1.0 (4)
                Body-style_hatchback <= 0.00024642:
                :...Body-style_hardtop > 0.00035186: 4.0 (7/1)
                    Body-style_hardtop <= 0.00035186:
                    :...Make_mercedes-benz <= 0: 2.0 (28/7)
                        Make_mercedes-benz > 0: 1.0 (2)


Evaluation on training data (144 cases):

	    Decision Tree   
	  ----------------  
	  Size      Errors  

	    12   11( 7.6%)   <<


	   (a)   (b)   (c)   (d)   (e)   (f)    <-classified as
	  ----  ----  ----  ----  ----  ----
	    24                                  (a): class 0.0
	          18     2                      (b): class 1.0
	                21     2     1          (c): class 2.0
	                 3    18           1    (d): class 3.0
	                 2          28          (e): class 4.0
	                                  24    (f): class 5.0


	Attribute usage:

	    100%  Make_volvo
	     76%  Body-style_hatchback
	     59%  Normalized-losses
	     43%  Wheel-base
	     38%  Make_volkswagen
	     28%  Body-style_hardtop
	     24%  Make_mercedes-benz
	     21%  Width
	     15%  Bore


Evaluation on test data (79 cases):

	    Decision Tree   
	  ----------------  
	  Size      Errors  

	    12   29(36.7%)   <<


	   (a)   (b)   (c)   (d)   (e)   (f)    <-classified as
	  ----  ----  ----  ----  ----  ----
	     1                                  (a): class 0.0
	           3     5     2                (b): class 1.0
	                18     6                (c): class 2.0
	                 3    20                (d): class 3.0
	                 5     6     3          (e): class 4.0
	           1           1           5    (f): class 5.0


Time: 0.0 secs
