
C5.0 [Release 2.11a]  	Thu Mar 28 16:18:34 2024
--------------------

    Options:
	Application `/home/liuyi/MC-CCR/MC-CCR/resampled_data/automobile/1/1/automobile'
	Boosted classifiers

Read 139 cases (64 attributes) from /home/liuyi/MC-CCR/MC-CCR/resampled_data/automobile/1/1/automobile.data

-----  Trial 0:  -----

Decision tree:

Make_volvo > 0.5012289:
:...Normalized-losses <= 0.2031057: 1.0 (8)
:   Normalized-losses > 0.2031057: 0.0 (24)
Make_volvo <= 0.5012289:
:...Make_volkswagen > 0.0034625: 4.0 (15)
    Make_volkswagen <= 0.0034625:
    :...Num-of-doors_two > 0.5001093:
        :...Width <= 0.3947368:
        :   :...Engine-type_ohc <= 0.9997992: 4.0 (5)
        :   :   Engine-type_ohc > 0.9997992: 3.0 (13/1)
        :   Width > 0.3947368:
        :   :...Stroke <= 0.6728804: 5.0 (23/2)
        :       Stroke > 0.6728804:
        :       :...Normalized-losses <= 0.3313253: 2.0 (3)
        :           Normalized-losses > 0.3313253: 4.0 (2)
        Num-of-doors_two <= 0.5001093:
        :...Make_saab > 0.5010291: 4.0 (4)
            Make_saab <= 0.5010291:
            :...Wheel-base > 0.4925258:
                :...Make_audi <= 0.5007046: 1.0 (13/1)
                :   Make_audi > 0.5007046: 3.0 (2)
                Wheel-base <= 0.4925258:
                :...Horsepower > 0.1414474: 2.0 (19/1)
                    Horsepower <= 0.1414474:
                    :...Curb-weight <= 0.2889837: 3.0 (6)
                        Curb-weight > 0.2889837: 2.0 (2)

-----  Trial 1:  -----

Decision tree:

Make_volvo > 0.5012289:
:...Normalized-losses <= 0.2031057: 1.0 (6.1)
:   Normalized-losses > 0.2031057: 0.0 (18.2)
Make_volvo <= 0.5012289:
:...Make_jaguar > 0.5030482: 2.0 (7.4)
    Make_jaguar <= 0.5030482:
    :...Wheel-base > 0.4925258:
        :...Num-of-doors_four <= 0.4999638: 5.0 (5.3/0.8)
        :   Num-of-doors_four > 0.4999638: 1.0 (10.6/1.5)
        Wheel-base <= 0.4925258:
        :...Price > 0.4658309: 5.0 (7.6/0.8)
            Price <= 0.4658309:
            :...Bore <= 0.1326853: 5.0 (2.3)
                Bore > 0.1326853:
                :...Height <= 0.08101581: 3.0 (9.7/2.3)
                    Height > 0.08101581:
                    :...Make_mazda > 0.5032572: 3.0 (11.2/1.5)
                        Make_mazda <= 0.5032572:
                        :...Width <= 0.3412854: 3.0 (16.7/5.3)
                            Width > 0.3412854:
                            :...Make_honda > 0.5027317: 2.0 (3)
                                Make_honda <= 0.5027317:
                                :...Stroke <= 0.4655399: 2.0 (6.8)
                                    Stroke > 0.4655399: 4.0 (33.9/2.3)

-----  Trial 2:  -----

Decision tree:

Make_volvo > 0.5012289:
:...Normalized-losses <= 0.2031057: 1.0 (4.7)
:   Normalized-losses > 0.2031057: 0.0 (14.2)
Make_volvo <= 0.5012289:
:...Make_mercedes-benz > 0.5028638: 1.0 (7.5/4)
    Make_mercedes-benz <= 0.5028638:
    :...Num-of-doors_two <= 0.00056077:
        :...Width > 0.8947368: 3.0 (4.4)
        :   Width <= 0.8947368:
        :   :...Make_audi > 4.43e-05: 4.0 (7.6/1.2)
        :       Make_audi <= 4.43e-05:
        :       :...Make_volkswagen <= 0.00022354: 2.0 (38.7/6.5)
        :           Make_volkswagen > 0.00022354: 4.0 (4.1)
        Num-of-doors_two > 0.00056077:
        :...Engine-type_dohc > 0.5013732: 5.0 (3.5)
            Engine-type_dohc <= 0.5013732:
            :...Length > 0.5855818: 3.0 (13.4/1.8)
                Length <= 0.5855818:
                :...Height <= 0.1057692: 5.0 (10.2)
                    Height > 0.1057692:
                    :...Engine-type_ohc <= 0.9999291: 4.0 (13/0.6)
                        Engine-type_ohc > 0.9999291:
                        :...Width <= 0.3508771: 3.0 (7.1)
                            Width > 0.3508771: 4.0 (10.5/1.2)

-----  Trial 3:  -----

Decision tree:

Make_volvo > 0.5012289:
:...Normalized-losses <= 0.2031057: 1.0 (3.7)
:   Normalized-losses > 0.2031057: 0.0 (11.1)
Make_volvo <= 0.5012289:
:...Make_subaru <= -3.796e-05: 5.0 (16.9/3.6)
    Make_subaru > -3.796e-05:
    :...Wheel-base > 0.4259875:
        :...Make_audi > 0.5008421: 3.0 (3.4)
        :   Make_audi <= 0.5008421:
        :   :...Num-of-cylinders_six > 0.5007623: 2.0 (11.6/1.8)
        :       Num-of-cylinders_six <= 0.5007623:
        :       :...Num-of-doors_four <= 0.4993645: 2.0 (3.4)
        :           Num-of-doors_four > 0.4993645: 1.0 (11.6/0.5)
        Wheel-base <= 0.4259875:
        :...Make_honda > 0.5006445: 2.0 (7.1/0.9)
            Make_honda <= 0.5006445:
            :...Make_nissan > 0.5021754: 3.0 (7.7/0.5)
                Make_nissan <= 0.5021754:
                :...Make_plymouth > 0.5010578: 3.0 (4.5)
                    Make_plymouth <= 0.5010578:
                    :...Make_mazda > 0.5032572: 3.0 (12/3.4)
                        Make_mazda <= 0.5032572:
                        :...Engine-size <= 0.2762786:
                            :...Num-of-doors_four <= 0.999592: 4.0 (16.5/2.3)
                            :   Num-of-doors_four > 0.999592: 2.0 (13.4/4.5)
                            Engine-size > 0.2762786:
                            :...Num-of-doors_two <= 0.9991438: 4.0 (9.5)
                                Num-of-doors_two > 0.9991438: 5.0 (6.7/0.9)

-----  Trial 4:  -----

Decision tree:

Bore > 0.8292984: 0.0 (12.7/4)
Bore <= 0.8292984:
:...Wheel-base > 0.4259875:
    :...Make_audi > 0.5008421: 3.0 (2.7)
    :   Make_audi <= 0.5008421:
    :   :...Height <= 0.2889861: 5.0 (6.2)
    :       Height > 0.2889861:
    :       :...Price <= 0.2330478: 1.0 (9.7)
    :           Price > 0.2330478: 2.0 (13.9/2.2)
    Wheel-base <= 0.4259875:
    :...Fuel-system_mfi <= -0.00087658: 5.0 (9.3/1.7)
        Fuel-system_mfi > -0.00087658:
        :...Num-of-cylinders_eight > 0.5003528: 5.0 (2.8)
            Num-of-cylinders_eight <= 0.5003528:
            :...Make_volkswagen > 0.00221546: 4.0 (12.6)
                Make_volkswagen <= 0.00221546:
                :...Num-of-cylinders_five > 0.00016065: 4.0 (6.3)
                    Num-of-cylinders_five <= 0.00016065:
                    :...Engine-type_l > 0.4995826: 4.0 (2.7)
                        Engine-type_l <= 0.4995826:
                        :...Make_mitsubishi > 0: 4.0 (6.3/2.7)
                            Make_mitsubishi <= 0:
                            :...Bore > 0.7035714: 4.0 (8.7/1.8)
                                Bore <= 0.7035714:
                                :...Height > 0.5384615: 2.0 (8/1.4)
                                    Height <= 0.5384615:
                                    :...Stroke <= 0.6928571: 3.0 (33.4/6.5)
                                        Stroke > 0.6928571: 2.0 (3.5)

-----  Trial 5:  -----

Decision tree:

Height > 0.6484245:
:...Height <= 0.6613399: 0.0 (6.9)
:   Height > 0.6613399: 1.0 (13.9/1.1)
Height <= 0.6484245:
:...Make_volvo > 0.00050275:
    :...Num-of-doors_two <= 0.5016856: 1.0 (7.8/0.3)
    :   Num-of-doors_two > 0.5016856: 5.0 (4.9/0.3)
    Make_volvo <= 0.00050275:
    :...Make_volkswagen > 0.0034625: 4.0 (9.4)
        Make_volkswagen <= 0.0034625:
        :...Num-of-doors_two <= 0.498313:
            :...Make_saab > 0: 4.0 (4.4)
            :   Make_saab <= 0:
            :   :...Make_audi > 0: 4.0 (5/2.2)
            :       Make_audi <= 0:
            :       :...Horsepower <= 0.1414474: 3.0 (9.7/2.1)
            :           Horsepower > 0.1414474: 2.0 (26.7/2.2)
            Num-of-doors_two > 0.498313:
            :...Stroke > 0.6999999: 2.0 (4.3)
                Stroke <= 0.6999999:
                :...Width <= 0.40201:
                    :...Engine-type_ohc <= 0.9997992: 4.0 (6.4)
                    :   Engine-type_ohc > 0.9997992:
                    :   :...Width <= 0.3508771: 3.0 (10.9)
                    :       Width > 0.3508771: 4.0 (2.8)
                    Width > 0.40201:
                    :...Stroke > 0.6728804: 4.0 (2.2)
                        Stroke <= 0.6728804:
                        :...Make_mazda > 0.5021464: 3.0 (2.8)
                            Make_mazda <= 0.5021464:
                            :...Normalized-losses <= 0.8975903: 5.0 (18)
                                Normalized-losses > 0.8975903: 3.0 (2.8)

-----  Trial 6:  -----

Decision tree:

Wheel-base > 0.4925258:
:...Make_audi > 0.5023564: 3.0 (9.8)
:   Make_audi <= 0.5023564:
:   :...Num-of-cylinders_six > 0.5022623: 5.0 (6/2.2)
:       Num-of-cylinders_six <= 0.5022623:
:       :...Normalized-losses <= 0.2031057: 1.0 (25.4/1.6)
:           Normalized-losses > 0.2031057: 0.0 (7/1.7)
Wheel-base <= 0.4925258:
:...Make_volkswagen > 0.0034625: 4.0 (15.5)
    Make_volkswagen <= 0.0034625:
    :...Num-of-doors_two <= 0.498313:
        :...Make_saab > 0: 4.0 (3.3)
        :   Make_saab <= 0:
        :   :...Make_audi > 0: 4.0 (2.2)
        :       Make_audi <= 0:
        :       :...Wheel-base <= 0.2095588: 3.0 (3.4)
        :           Wheel-base > 0.2095588: 2.0 (29.9/2.5)
        Num-of-doors_two > 0.498313:
        :...Engine-type_ohcf > 0.5015399: 4.0 (2.4)
            Engine-type_ohcf <= 0.5015399:
            :...Engine-size <= 0.2575524: 3.0 (14.7/6.4)
                Engine-size > 0.2575524:
                :...Make_mazda <= 0.5021464: 5.0 (17.4/3.8)
                    Make_mazda > 0.5021464: 3.0 (2.2)

-----  Trial 7:  -----

Decision tree:

Wheel-base > 0.4925258:
:...Make_audi > 0.5023564: 3.0 (7.7)
:   Make_audi <= 0.5023564:
:   :...Num-of-cylinders_six > 0.5022623: 2.0 (6.9/3)
:       Num-of-cylinders_six <= 0.5022623:
:       :...Body-style_hardtop <= 0.50238: 1.0 (28/4.2)
:           Body-style_hardtop > 0.50238: 2.0 (3.3)
Wheel-base <= 0.4925258:
:...Price > 0.4658309: 5.0 (6.2/0.6)
    Price <= 0.4658309:
    :...Make_peugeot <= -7.616e-05: 4.0 (15.4/2.6)
        Make_peugeot > -7.616e-05:
        :...Make_nissan > 0.5004931: 3.0 (8.6/1.3)
            Make_nissan <= 0.5004931:
            :...Curb-weight > 0.4022498: 4.0 (10.7/1.3)
                Curb-weight <= 0.4022498:
                :...Make_volkswagen > 0.4995549: 4.0 (4.5)
                    Make_volkswagen <= 0.4995549:
                    :...Length > 0.2869918: 2.0 (31.2/6.5)
                        Length <= 0.2869918:
                        :...Engine-type_ohc <= 0.501281: 4.0 (4.4)
                            Engine-type_ohc > 0.501281: 3.0 (12.1/3.9)

-----  Trial 8:  -----

Decision tree:

Make_volvo > 0.5012289:
:...Normalized-losses <= 0.2031057: 1.0 (4.1)
:   Normalized-losses > 0.2031057: 0.0 (16)
Make_volvo <= 0.5012289:
:...Wheel-base > 0.4925258:
    :...Make_audi > 0.5008421: 3.0 (6.2)
    :   Make_audi <= 0.5008421:
    :   :...Normalized-losses > 0.6369092: 5.0 (5.9)
    :       Normalized-losses <= 0.6369092:
    :       :...Engine-type_dohc <= 0.5004963: 1.0 (17.6/2.7)
    :           Engine-type_dohc > 0.5004963: 2.0 (3.1)
    Wheel-base <= 0.4925258:
    :...Stroke <= 0.1346044: 5.0 (4.1)
        Stroke > 0.1346044:
        :...Height <= 0.1923463:
            :...Price <= 0.05114529: 4.0 (7.1/0.7)
            :   Price > 0.05114529: 5.0 (15.5/7.1)
            Height > 0.1923463:
            :...Make_volkswagen > 0.00022354: 4.0 (10.3)
                Make_volkswagen <= 0.00022354:
                :...Num-of-cylinders_three > 0.4994887: 4.0 (4.1)
                    Num-of-cylinders_three <= 0.4994887:
                    :...Num-of-cylinders_five > 0.0015857: 4.0 (2.9)
                        Num-of-cylinders_five <= 0.0015857:
                        :...Bore > 0.7: 4.0 (8.2/2.6)
                            Bore <= 0.7:
                            :...Wheel-base <= 0.2463235: 3.0 (9.4/1)
                                Wheel-base > 0.2463235:
                                :...Length <= 0.3243902: 3.0 (2.7)
                                    Length > 0.3243902: 2.0 (21.9/2.2)

-----  Trial 9:  -----

Decision tree:

Make_volvo > 0.5012289: 0.0 (15.7/3.2)
Make_volvo <= 0.5012289:
:...Normalized-losses <= 0.3102409:
    :...Wheel-base > 0.4778199:
    :   :...Num-of-doors_four <= 0.498677: 2.0 (4.3)
    :   :   Num-of-doors_four > 0.498677: 1.0 (11.7)
    :   Wheel-base <= 0.4778199:
    :   :...Make_volkswagen > 0.00022354: 4.0 (5)
    :       Make_volkswagen <= 0.00022354:
    :       :...Curb-weight <= 0.2214895: 3.0 (10.7/3.4)
    :           Curb-weight > 0.2214895: 2.0 (26.7/2.4)
    Normalized-losses > 0.3102409:
    :...Engine-type_dohc > 0.00181387: 5.0 (8.3/2.6)
        Engine-type_dohc <= 0.00181387:
        :...Num-of-cylinders_eight > 0.00030641: 5.0 (3.9)
            Num-of-cylinders_eight <= 0.00030641:
            :...Make_chevrolet > 0.00072773: 4.0 (5.2)
                Make_chevrolet <= 0.00072773:
                :...Body-style_hardtop <= 4.205e-05: 3.0 (42.9/11.6)
                    Body-style_hardtop > 4.205e-05: 4.0 (4.6/1)


Evaluation on training data (139 cases):

Trial	    Decision Tree   
-----	  ----------------  
	  Size      Errors  

   0	    14    5( 3.6%)
   1	    13   19(13.7%)
   2	    13   23(16.5%)
   3	    15   28(20.1%)
   4	    15   35(25.2%)
   5	    17    8( 5.8%)
   6	    13   15(10.8%)
   7	    12   47(33.8%)
   8	    16   16(11.5%)
   9	    11   32(23.0%)
boost	          0( 0.0%)   <<


	   (a)   (b)   (c)   (d)   (e)   (f)    <-classified as
	  ----  ----  ----  ----  ----  ----
	    24                                  (a): class 0.0
	          20                            (b): class 1.0
	                24                      (c): class 2.0
	                      22                (d): class 3.0
	                            28          (e): class 4.0
	                                  21    (f): class 5.0


	Attribute usage:

	    100%  Normalized-losses
	    100%  Wheel-base
	    100%  Height
	    100%  Bore
	    100%  Make_volvo
	     83%  Num-of-doors_two
	     78%  Make_subaru
	     78%  Width
	     78%  Make_jaguar
	     78%  Make_mercedes-benz
	     78%  Make_volkswagen
	     75%  Price
	     68%  Stroke
	     68%  Make_audi
	     65%  Make_mazda
	     61%  Num-of-cylinders_eight
	     58%  Length
	     58%  Make_honda
	     58%  Fuel-system_mfi
	     57%  Body-style_hardtop
	     56%  Make_nissan
	     55%  Make_peugeot
	     55%  Engine-type_dohc
	     51%  Engine-size
	     48%  Num-of-cylinders_five
	     46%  Curb-weight
	     45%  Num-of-doors_four
	     43%  Num-of-cylinders_three
	     42%  Make_plymouth
	     42%  Engine-type_l
	     41%  Make_mitsubishi
	     40%  Num-of-cylinders_six
	     37%  Make_saab
	     29%  Engine-type_ohcf
	     27%  Make_chevrolet
	     27%  Engine-type_ohc
	     25%  Horsepower


Evaluation on test data (80 cases):

Trial	    Decision Tree   
-----	  ----------------  
	  Size      Errors  

   0	    14   26(32.5%)
   1	    13   35(43.8%)
   2	    13   26(32.5%)
   3	    15   39(48.8%)
   4	    15   31(38.8%)
   5	    17   27(33.8%)
   6	    13   31(38.8%)
   7	    12   43(53.8%)
   8	    16   32(40.0%)
   9	    11   35(43.8%)
boost	         20(25.0%)   <<


	   (a)   (b)   (c)   (d)   (e)   (f)    <-classified as
	  ----  ----  ----  ----  ----  ----
	     2                                  (a): class 0.0
	           8     2                      (b): class 1.0
	           8    16                      (c): class 2.0
	                 4    19                (d): class 3.0
	                 2     3    10          (e): class 4.0
	                             1     5    (f): class 5.0


Time: 0.0 secs
