
C5.0 [Release 2.11a]  	Mon Apr  8 10:45:01 2024
--------------------

    Options:
	Application `/home/liuyi/MC-CCR/MC-CCR/resampled_data/automobile/2/2/automobile'

Read 79 cases (64 attributes) from /home/liuyi/MC-CCR/MC-CCR/resampled_data/automobile/2/2/automobile.data

Decision tree:

Make_volvo > 0:
:...Normalized-losses <= 0.1780105: 1.0 (6)
:   Normalized-losses > 0.1780105: 0.0 (2)
Make_volvo <= 0:
:...Num-of-doors_four <= 0:
    :...Bore > 0.7701148: 4.0 (7)
    :   Bore <= 0.7701148:
    :   :...Engine-size <= 0.240196: 3.0 (14/3)
    :       Engine-size > 0.240196:
    :       :...Normalized-losses <= 0.3900523: 3.0 (3/1)
    :           Normalized-losses > 0.3900523: 5.0 (6)
    Num-of-doors_four > 0:
    :...Make_volkswagen > 0: 4.0 (3)
        Make_volkswagen <= 0:
        :...Make_audi > 0: 3.0 (3/1)
            Make_audi <= 0:
            :...Horsepower <= 0.1182432: 3.0 (7/1)
                Horsepower > 0.1182432:
                :...Normalized-losses <= 0.05759162: 1.0 (3)
                    Normalized-losses > 0.05759162: 2.0 (25/3)


Evaluation on training data (79 cases):

	    Decision Tree   
	  ----------------  
	  Size      Errors  

	    11    9(11.4%)   <<


	   (a)   (b)   (c)   (d)   (e)   (f)    <-classified as
	  ----  ----  ----  ----  ----  ----
	     2                                  (a): class 0.0
	           9     1                      (b): class 1.0
	                22     2                (c): class 2.0
	                 1    21                (d): class 3.0
	                 1     4    10          (e): class 4.0
	                                   6    (f): class 5.0


	Attribute usage:

	    100%  Make_volvo
	     90%  Num-of-doors_four
	     57%  Normalized-losses
	     52%  Make_volkswagen
	     48%  Make_audi
	     44%  Horsepower
	     38%  Bore
	     29%  Engine-size


Evaluation on test data (79 cases):

	    Decision Tree   
	  ----------------  
	  Size      Errors  

	    11   27(34.2%)   <<


	   (a)   (b)   (c)   (d)   (e)   (f)    <-classified as
	  ----  ----  ----  ----  ----  ----
	     1                                  (a): class 0.0
	           5     5                      (b): class 1.0
	                17     5     1     1    (c): class 2.0
	                 2    20           1    (d): class 3.0
	                 2     7     4     1    (e): class 4.0
	                             2     5    (f): class 5.0


Time: 0.0 secs
