
C5.0 [Release 2.11a]  	Mon Apr  8 10:45:01 2024
--------------------

    Options:
	Application `/home/liuyi/MC-CCR/MC-CCR/resampled_data/automobile/1/2/automobile'

Read 79 cases (64 attributes) from /home/liuyi/MC-CCR/MC-CCR/resampled_data/automobile/1/2/automobile.data

Decision tree:

Make_volvo > 0:
:...Normalized-losses <= 0.1780105: 1.0 (5)
:   Normalized-losses > 0.1780105: 0.0 (2)
Make_volvo <= 0:
:...Num-of-doors_four > 0:
    :...Make_audi > 0:
    :   :...Normalized-losses <= 0.5026178: 3.0 (2)
    :   :   Normalized-losses > 0.5026178: 4.0 (2)
    :   Make_audi <= 0:
    :   :...Height <= 0.2307692: 3.0 (5)
    :       Height > 0.2307692:
    :       :...Horsepower <= 0.1414474: 3.0 (4/1)
    :           Horsepower > 0.1414474:
    :           :...Make_toyota <= 0: 2.0 (23/4)
    :               Make_toyota > 0:
    :               :...Wheel-base <= 0.5320513: 2.0 (2)
    :                   Wheel-base > 0.5320513: 1.0 (3)
    Num-of-doors_four <= 0:
    :...Price > 0.2018675: 5.0 (8/2)
        Price <= 0.2018675:
        :...Make_honda > 0: 4.0 (3/1)
            Make_honda <= 0:
            :...Body-style_hardtop > 0: 4.0 (3)
                Body-style_hardtop <= 0:
                :...Make_mitsubishi > 0: 4.0 (2)
                    Make_mitsubishi <= 0:
                    :...Make_volkswagen > 0: 4.0 (2)
                        Make_volkswagen <= 0:
                        :...Engine-type_ohc <= 0: 4.0 (2)
                            Engine-type_ohc > 0: 3.0 (11)


Evaluation on training data (79 cases):

	    Decision Tree   
	  ----------------  
	  Size      Errors  

	    16    8(10.1%)   <<


	   (a)   (b)   (c)   (d)   (e)   (f)    <-classified as
	  ----  ----  ----  ----  ----  ----
	     2                                  (a): class 0.0
	           8     2                      (b): class 1.0
	                21     1     1     1    (c): class 2.0
	                      21           1    (d): class 3.0
	                 2          13          (e): class 4.0
	                                   6    (f): class 5.0


	Attribute usage:

	    100%  Make_volvo
	     91%  Num-of-doors_four
	     52%  Make_audi
	     47%  Height
	     41%  Horsepower
	     39%  Price
	     37%  Make_toyota
	     30%  Make_honda
	     27%  Body-style_hardtop
	     23%  Make_mitsubishi
	     19%  Make_volkswagen
	     16%  Engine-type_ohc
	     14%  Normalized-losses
	      6%  Wheel-base


Evaluation on test data (79 cases):

	    Decision Tree   
	  ----------------  
	  Size      Errors  

	    16   30(38.0%)   <<


	   (a)   (b)   (c)   (d)   (e)   (f)    <-classified as
	  ----  ----  ----  ----  ----  ----
	     1                                  (a): class 0.0
	           6     3     1                (b): class 1.0
	                18     4     1     1    (c): class 2.0
	                      15     6     2    (d): class 3.0
	                 4     2     3     5    (e): class 4.0
	                             1     6    (f): class 5.0


Time: 0.0 secs
