
C5.0 [Release 2.11a]  	Thu Mar 28 16:18:34 2024
--------------------

    Options:
	Application `/home/liuyi/MC-CCR/MC-CCR/resampled_data/automobile/5/2/automobile'
	Boosted classifiers

Read 144 cases (64 attributes) from /home/liuyi/MC-CCR/MC-CCR/resampled_data/automobile/5/2/automobile.data

-----  Trial 0:  -----

Decision tree:

Make_volvo > 0.5012022:
:...Normalized-losses <= 0.2012381: 1.0 (6)
:   Normalized-losses > 0.2012381: 0.0 (24)
Make_volvo <= 0.5012022:
:...Height <= 0.09680785: 5.0 (21/1)
    Height > 0.09680785:
    :...Normalized-losses > 0.779438: 5.0 (4)
        Normalized-losses <= 0.779438:
        :...Num-of-doors_two > 0.00025078:
            :...Make_mazda <= 0.5028001: 4.0 (32/8)
            :   Make_mazda > 0.5028001: 3.0 (4)
            Num-of-doors_two <= 0.00025078:
            :...Make_porsche > 0.00034474: 1.0 (6)
                Make_porsche <= 0.00034474:
                :...Make_volkswagen > 0.4991165: 4.0 (3)
                    Make_volkswagen <= 0.4991165:
                    :...Make_saab > 0.00017315: 4.0 (3/1)
                        Make_saab <= 0.00017315:
                        :...Make_audi > 0: 3.0 (3/1)
                            Make_audi <= 0:
                            :...Wheel-base <= 0.2931034: 3.0 (8/1)
                                Wheel-base > 0.2931034:
                                :...Make_mitsubishi > 0: 1.0 (2/1)
                                    Make_mitsubishi <= 0:
                                    :...Wheel-base <= 0.5396551: 2.0 (18)
                                        Wheel-base > 0.5396551:
                                        :...City-mpg <= 0.1323529: 2.0 (4)
                                            City-mpg > 0.1323529: 1.0 (6)

-----  Trial 1:  -----

Decision tree:

Make_volvo > 0.5012022:
:...Normalized-losses <= 0.2012381: 1.0 (4.7)
:   Normalized-losses > 0.2012381: 0.0 (18.6)
Make_volvo <= 0.5012022:
:...Height <= 0.09680785:
    :...Length <= 0.5397399: 5.0 (15.5)
    :   Length > 0.5397399: 3.0 (3.1)
    Height > 0.09680785:
    :...Normalized-losses <= 0.03701914: 1.0 (7)
        Normalized-losses > 0.03701914:
        :...Normalized-losses > 0.779438: 5.0 (3.1)
            Normalized-losses <= 0.779438:
            :...Body-style_hardtop <= -3.41e-05: 4.0 (10.1)
                Body-style_hardtop > -3.41e-05:
                :...Make_mercedes-benz > 0.00021273: 1.0 (3.9/0.8)
                    Make_mercedes-benz <= 0.00021273:
                    :...Num-of-cylinders_six > 0.5032219: 2.0 (7.7/1.6)
                        Num-of-cylinders_six <= 0.5032219:
                        :...Make_chevrolet > 0.5030724: 2.0 (3.1)
                            Make_chevrolet <= 0.5030724:
                            :...Num-of-doors_two > 0.4984413:
                                :...Bore > 0.5194174: 4.0 (7)
                                :   Bore <= 0.5194174:
                                :   :...Make_mitsubishi <= 0.4997764: 3.0 (26.2/1.6)
                                :       Make_mitsubishi > 0.4997764: 4.0 (3.1)
                                Num-of-doors_two <= 0.4984413:
                                :...Make_audi > 0: 4.0 (4.6/1.6)
                                    Make_audi <= 0:
                                    :...Make_mitsubishi > 0: 3.0 (3.8/0.8)
                                        Make_mitsubishi <= 0:
                                        :...Wheel-base <= 0.2931034: 3.0 (5.4)
                                            Wheel-base > 0.2931034: 2.0 (17.1/3.1)

-----  Trial 2:  -----

Decision tree:

Make_volvo > 0.9963863:
:...Normalized-losses <= 0.2012381: 1.0 (2.4)
:   Normalized-losses > 0.2012381: 0.0 (14.3)
Make_volvo <= 0.9963863:
:...Height <= 0.09680785: 5.0 (14.3/2.4)
    Height > 0.09680785:
    :...Num-of-cylinders_six > 0.5032219:
        :...Make_toyota <= 0.4992103: 2.0 (4.7)
        :   Make_toyota > 0.4992103: 1.0 (9.7/2.4)
        Num-of-cylinders_six <= 0.5032219:
        :...Peak-rpm <= 0.06976754: 1.0 (5.3)
            Peak-rpm > 0.06976754:
            :...Fuel-system_spdi > 0.5022943: 1.0 (4.3)
                Fuel-system_spdi <= 0.5022943:
                :...Num-of-cylinders_four <= 0.497732: 3.0 (7.3)
                    Num-of-cylinders_four > 0.497732:
                    :...Wheel-base > 0.3669941:
                        :...Make_mazda > 0.5028001: 2.0 (2.4/1.2)
                        :   Make_mazda <= 0.5028001:
                        :   :...Wheel-base <= 0.5032948: 4.0 (22.8)
                        :       Wheel-base > 0.5032948: 1.0 (8.4/1.8)
                        Wheel-base <= 0.3669941:
                        :...Num-of-doors_two <= 0.4984413:
                            :...Normalized-losses <= 0.2259036: 2.0 (9.5)
                            :   Normalized-losses > 0.2259036: 3.0 (7.7/1.2)
                            Num-of-doors_two > 0.4984413:
                            :...Curb-weight <= 0.03463663: 4.0 (7.3)
                                Curb-weight > 0.03463663:
                                :...Make_mitsubishi <= 0.00144266: 3.0 (19.4/1.8)
                                    Make_mitsubishi > 0.00144266: 4.0 (4.2)

-----  Trial 3:  -----

Decision tree:

Make_volvo > 0.5012022:
:...Normalized-losses <= 0.2012381: 1.0 (2.8)
:   Normalized-losses > 0.2012381: 0.0 (11)
Make_volvo <= 0.5012022:
:...Horsepower > 0.8711534: 5.0 (11.3/0.5)
    Horsepower <= 0.8711534:
    :...Height <= 0.1220811:
        :...Normalized-losses <= 0.8885542: 5.0 (8.7/0.5)
        :   Normalized-losses > 0.8885542: 3.0 (4.2)
        Height > 0.1220811:
        :...Wheel-base > 0.5238649:
            :...Make_audi > 0.5003442: 3.0 (5.6)
            :   Make_audi <= 0.5003442:
            :   :...Make_peugeot <= 0.5006171: 1.0 (14.4/0.5)
            :       Make_peugeot > 0.5006171: 2.0 (5)
            Wheel-base <= 0.5238649:
            :...Num-of-cylinders_six > 0.5030788: 2.0 (3.2)
                Num-of-cylinders_six <= 0.5030788:
                :...Make_dodge > 0.5012865: 3.0 (5.4)
                    Make_dodge <= 0.5012865:
                    :...Make_mazda > 0.5028001: 3.0 (7.3/0.5)
                        Make_mazda <= 0.5028001:
                        :...Wheel-base > 0.3672413: 4.0 (18.1)
                            Wheel-base <= 0.3672413:
                            :...Num-of-doors_four <= 0.5004983:
                                :...Wheel-base <= 0.260778: 4.0 (20.2/1.8)
                                :   Wheel-base > 0.260778: 3.0 (5.4)
                                Num-of-doors_four > 0.5004983:
                                :...Normalized-losses <= 0.316265: 2.0 (15.3/0.9)
                                    Normalized-losses > 0.316265: 1.0 (6/2.7)

-----  Trial 4:  -----

Decision tree:

Make_volvo > 3.52e-06:
:...Num-of-doors_two <= 0.4999418: 0.0 (11.6/3.2)
:   Num-of-doors_two > 0.4999418:
:   :...Peak-rpm <= 0.2925588: 4.0 (5.1)
:       Peak-rpm > 0.2925588: 5.0 (7.7/0.7)
Make_volvo <= 3.52e-06:
:...Make_volkswagen > 0.00127743: 4.0 (7.6/1.1)
    Make_volkswagen <= 0.00127743:
    :...Bore > 0.5194175:
        :...Num-of-doors_four <= 0.9981676: 4.0 (9.4/2.1)
        :   Num-of-doors_four > 0.9981676: 2.0 (17/2.5)
        Bore <= 0.5194175:
        :...Engine-type_dohc > 0.00015837: 1.0 (12.3/6.2)
            Engine-type_dohc <= 0.00015837:
            :...Fuel-system_spdi > 0.5024548: 1.0 (2.5/0.4)
                Fuel-system_spdi <= 0.5024548:
                :...Compression-ratio > 0.156562: 4.0 (5.6/2.1)
                    Compression-ratio <= 0.156562:
                    :...Height <= 0.4230769: 3.0 (42.6/2.8)
                        Height > 0.4230769:
                        :...Make_dodge > 0: 1.0 (2.2)
                            Make_dodge <= 0:
                            :...Make_audi > 0: 3.0 (4.3)
                                Make_audi <= 0:
                                :...City-mpg <= 0.4558824: 2.0 (11.7/0.7)
                                    City-mpg > 0.4558824: 3.0 (4.5/0.4)

-----  Trial 5:  -----

Decision tree:

Make_volvo > 0.5012022:
:...Normalized-losses <= 0.2012381: 1.0 (5.7)
:   Normalized-losses > 0.2012381: 0.0 (6.7)
Make_volvo <= 0.5012022:
:...Num-of-doors_two > 0.00025078:
    :...City-mpg > 0.3114232:
    :   :...Horsepower > 0.1820898: 3.0 (9)
    :   :   Horsepower <= 0.1820898:
    :   :   :...Make_dodge <= 0.5003943: 4.0 (18.9/2.8)
    :   :       Make_dodge > 0.5003943: 3.0 (2.2)
    :   City-mpg <= 0.3114232:
    :   :...Make_bmw > 0.5027511: 4.0 (2.3/1.1)
    :       Make_bmw <= 0.5027511:
    :       :...Normalized-losses <= 0.4492163: 4.0 (4.4/1.1)
    :           Normalized-losses > 0.4492163:
    :           :...Normalized-losses <= 0.8982615: 5.0 (21)
    :               Normalized-losses > 0.8982615: 3.0 (2.6)
    Num-of-doors_two <= 0.00025078:
    :...Make_dodge > 0.00017882: 1.0 (7.9/0.3)
        Make_dodge <= 0.00017882:
        :...Make_volkswagen > 0: 4.0 (3.4)
            Make_volkswagen <= 0:
            :...Make_saab > 0.00017315: 4.0 (4/0.9)
                Make_saab <= 0.00017315:
                :...Make_audi > 0: 3.0 (4.5/1.1)
                    Make_audi <= 0:
                    :...Fuel-system_2bbl <= 0:
                        :...Make_toyota <= 0: 2.0 (15/2.7)
                        :   Make_toyota > 0: 1.0 (5.5/0.9)
                        Fuel-system_2bbl > 0:
                        :...Peak-rpm <= 0.2916667: 2.0 (8.1)
                            Peak-rpm > 0.2916667: 3.0 (22.7/3.5)

-----  Trial 6:  -----

Decision tree:

Make_volvo > 0.5012022: 0.0 (9.6/4.4)
Make_volvo <= 0.5012022:
:...Height <= 0.09680785: 5.0 (12/2)
    Height > 0.09680785:
    :...Normalized-losses > 0.779438: 5.0 (6.2)
        Normalized-losses <= 0.779438:
        :...Make_volkswagen > 0.00015579: 4.0 (13.9/3.1)
            Make_volkswagen <= 0.00015579:
            :...Fuel-system_spdi > 0.5022943: 1.0 (4.7)
                Fuel-system_spdi <= 0.5022943:
                :...Make_mercedes-benz > 0.5019888: 1.0 (3.9)
                    Make_mercedes-benz <= 0.5019888:
                    :...Make_saab > 0.00017315: 4.0 (4.9/0.7)
                        Make_saab <= 0.00017315:
                        :...Num-of-cylinders_six > 0.5021365: 2.0 (7.6/1.3)
                            Num-of-cylinders_six <= 0.5021365:
                            :...Num-of-doors_two > 0.4984413:
                                :...Make_mitsubishi > 0.00029671: 4.0 (3.9)
                                :   Make_mitsubishi <= 0.00029671:
                                :   :...Bore <= 0.5194174: 3.0 (25.1/1.3)
                                :       Bore > 0.5194174: 4.0 (3.4)
                                Num-of-doors_two <= 0.4984413:
                                :...Make_audi > 0: 4.0 (6/2.7)
                                    Make_audi <= 0:
                                    :...Height <= 0.2307692: 3.0 (9.9)
                                        Height > 0.2307692: [S1]

SubTree [S1]

Normalized-losses <= 0.03614457: 1.0 (2.2)
Normalized-losses > 0.03614457:
:...Body-style_wagon <= 0: 2.0 (23/0.4)
    Body-style_wagon > 0: 3.0 (7.5/2.9)

-----  Trial 7:  -----

Decision tree:

Make_volvo > 0.5012022:
:...Normalized-losses <= 0.2012381: 1.0 (11)
:   Normalized-losses > 0.2012381: 0.0 (4.1)
Make_volvo <= 0.5012022:
:...Num-of-doors_two > 0.00025078:
    :...Engine-size <= 0.1129479:
    :   :...Engine-type_ohcf > 7.657e-05: 4.0 (7.3)
    :   :   Engine-type_ohcf <= 7.657e-05:
    :   :   :...Make_mitsubishi <= 0.498727: 3.0 (19.5/2.6)
    :   :       Make_mitsubishi > 0.498727: 4.0 (3.5)
    :   Engine-size > 0.1129479:
    :   :...Make_bmw > 0.5028195: 2.0 (2.6)
    :       Make_bmw <= 0.5028195:
    :       :...Normalized-losses <= 0.4492163: 4.0 (3.9/1.9)
    :           Normalized-losses > 0.4492163:
    :           :...Normalized-losses <= 0.8982615: 5.0 (12.8)
    :               Normalized-losses > 0.8982615: 3.0 (3.1)
    Num-of-doors_two <= 0.00025078:
    :...Make_dodge > 0.00017882: 1.0 (13.1/2)
        Make_dodge <= 0.00017882:
        :...Fuel-system_spdi > 0.5004395: 1.0 (3.1)
            Fuel-system_spdi <= 0.5004395:
            :...Normalized-losses <= 0.1716867:
                :...Wheel-base <= 0.4514512: 2.0 (14.3)
                :   Wheel-base > 0.4514512: 1.0 (7.3)
                Normalized-losses > 0.1716867:
                :...Compression-ratio > 0.17187: 4.0 (3.9)
                    Compression-ratio <= 0.17187:
                    :...Drive-wheels_fwd <= 0: 2.0 (5.8)
                        Drive-wheels_fwd > 0:
                        :...Fuel-system_mpfi > 0: 3.0 (8.1/3.2)
                            Fuel-system_mpfi <= 0:
                            :...Wheel-base <= 0.337931: 3.0 (14.1)
                                Wheel-base > 0.337931: 2.0 (6.6)

-----  Trial 8:  -----

Decision tree:

Make_volvo > 0.5012022: 1.0 (11.6/3.2)
Make_volvo <= 0.5012022:
:...Wheel-base > 0.5238649:
    :...Num-of-doors_two > 0.4970156: 5.0 (3.8)
    :   Num-of-doors_two <= 0.4970156:
    :   :...Make_audi > 0.5003442: 3.0 (3.7)
    :       Make_audi <= 0.5003442:
    :       :...City-mpg <= 0.1318064: 2.0 (4.2)
    :           City-mpg > 0.1318064: 1.0 (13.7)
    Wheel-base <= 0.5238649:
    :...Height <= 0.1220811: 5.0 (9.9/3.8)
        Height > 0.1220811:
        :...Num-of-cylinders_six > 0.5032219: 2.0 (7.6)
            Num-of-cylinders_six <= 0.5032219:
            :...Make_mazda > 0.5028001: 3.0 (13.4/1.4)
                Make_mazda <= 0.5028001:
                :...Fuel-system_spdi > 0.5022943: 1.0 (2.9)
                    Fuel-system_spdi <= 0.5022943:
                    :...Wheel-base > 0.3669941: 4.0 (25.9)
                        Wheel-base <= 0.3669941:
                        :...Num-of-doors_two <= 0.4984413:
                            :...Normalized-losses <= 0.2259036: 2.0 (14.6)
                            :   Normalized-losses > 0.2259036: 3.0 (10.4/3)
                            Num-of-doors_two > 0.4984413:
                            :...Wheel-base <= 0.244543: 4.0 (9.2)
                                Wheel-base > 0.244543: 3.0 (13.2/3.2)

-----  Trial 9:  -----

Decision tree:

Make_volvo > 0.5012022:
:...Normalized-losses <= 0.2012381: 1.0 (6.6)
:   Normalized-losses > 0.2012381: 0.0 (19.1)
Make_volvo <= 0.5012022:
:...Height <= 0.09680785: 5.0 (13.8/3)
    Height > 0.09680785:
    :...Wheel-base > 0.5238649:
        :...Num-of-doors_two > 0.4970156: 5.0 (3)
        :   Num-of-doors_two <= 0.4970156:
        :   :...Make_audi > 0.5003442: 3.0 (2.9)
        :       Make_audi <= 0.5003442:
        :       :...Compression-ratio <= 0.09037084: 2.0 (3.3)
        :           Compression-ratio > 0.09037084: 1.0 (10.7)
        Wheel-base <= 0.5238649:
        :...Num-of-cylinders_six > 0.5032219: 2.0 (5.9)
            Num-of-cylinders_six <= 0.5032219:
            :...Make_mazda > 0.5028001: 3.0 (11.5/2)
                Make_mazda <= 0.5028001:
                :...Fuel-system_spdi > 0.5022943: 1.0 (2.2)
                    Fuel-system_spdi <= 0.5022943:
                    :...Wheel-base > 0.3669941: 4.0 (20.2)
                        Wheel-base <= 0.3669941:
                        :...Num-of-doors_two > 0.4984413: 4.0 (22.2/7.8)
                            Num-of-doors_two <= 0.4984413:
                            :...Normalized-losses <= 0.316265: 2.0 (17.9/2.2)
                                Normalized-losses > 0.316265: 3.0 (4.7)


Evaluation on training data (144 cases):

Trial	    Decision Tree   
-----	  ----------------  
	  Size      Errors  

   0	    15   14( 9.7%)
   1	    17   11( 7.6%)
   2	    16   16(11.1%)
   3	    16   10( 6.9%)
   4	    14   42(29.2%)
   5	    17   13( 9.0%)
   6	    16   24(16.7%)
   7	    18   12( 8.3%)
   8	    14   42(29.2%)
   9	    14   11( 7.6%)
boost	          0( 0.0%)   <<


	   (a)   (b)   (c)   (d)   (e)   (f)    <-classified as
	  ----  ----  ----  ----  ----  ----
	    24                                  (a): class 0.0
	          20                            (b): class 1.0
	                24                      (c): class 2.0
	                      22                (d): class 3.0
	                            30          (e): class 4.0
	                                  24    (f): class 5.0


	Attribute usage:

	    100%  Normalized-losses
	    100%  Make_volvo
	    100%  Num-of-doors_two
	     88%  Height
	     83%  Num-of-cylinders_six
	     83%  Wheel-base
	     83%  Fuel-system_spdi
	     82%  Horsepower
	     82%  Make_volkswagen
	     73%  Make_mercedes-benz
	     71%  Bore
	     70%  Make_saab
	     69%  Peak-rpm
	     69%  Make_dodge
	     63%  City-mpg
	     63%  Make_mazda
	     60%  Compression-ratio
	     60%  Make_mitsubishi
	     60%  Body-style_hardtop
	     57%  Make_audi
	     56%  Num-of-cylinders_four
	     51%  Make_chevrolet
	     49%  Engine-type_dohc
	     43%  Engine-size
	     43%  Num-of-doors_four
	     42%  Make_porsche
	     31%  Make_bmw
	     31%  Body-style_wagon
	     28%  Fuel-system_2bbl
	     24%  Drive-wheels_fwd
	     19%  Make_toyota
	     19%  Engine-type_ohcf
	     17%  Length
	     16%  Curb-weight
	     16%  Fuel-system_mpfi
	     13%  Make_peugeot


Evaluation on test data (79 cases):

Trial	    Decision Tree   
-----	  ----------------  
	  Size      Errors  

   0	    15   28(35.4%)
   1	    17   21(26.6%)
   2	    16   25(31.6%)
   3	    16   25(31.6%)
   4	    14   38(48.1%)
   5	    17   30(38.0%)
   6	    16   24(30.4%)
   7	    18   24(30.4%)
   8	    14   22(27.8%)
   9	    14   30(38.0%)
boost	         14(17.7%)   <<


	   (a)   (b)   (c)   (d)   (e)   (f)    <-classified as
	  ----  ----  ----  ----  ----  ----
	     1                                  (a): class 0.0
	          10                            (b): class 1.0
	           1    21     2                (c): class 2.0
	           3     1    19                (d): class 3.0
	                       2    12          (e): class 4.0
	                       2     3     2    (f): class 5.0


Time: 0.0 secs
